
Showing logs for build [32mcb-kubecd-bdd-gh-1593173975-pr-jx8kh-1[0m stage [32mfrom-build-pack[0m and container [32mstep-credential-initializer-fnb7c[0m
{"level":"info","ts":1593175247.5524547,"logger":"fallback-logger","caller":"logging/config.go:69","msg":"Fetch GitHub commit ID from kodata failed: open /var/run/ko/refs/heads/0.8.0-ns-support: no such file or directory"}
{"level":"info","ts":1593175247.552767,"logger":"fallback-logger","caller":"creds-init/main.go:40","msg":"Credentials initialized."}

Showing logs for build [32mcb-kubecd-bdd-gh-1593173975-pr-jx8kh-1[0m stage [32mfrom-build-pack[0m and container [32mstep-working-dir-initializer-xpxgt[0m
{"level":"info","ts":1593175248.5521646,"logger":"fallback-logger","caller":"logging/config.go:69","msg":"Fetch GitHub commit ID from kodata failed: open /var/run/ko/HEAD: no such file or directory"}
{"level":"info","ts":1593175248.553022,"logger":"fallback-logger","caller":"bash/main.go:64","msg":"Successfully executed command \"sh -c mkdir -p /workspace/source\"; output "}

Showing logs for build [32mcb-kubecd-bdd-gh-1593173975-pr-jx8kh-1[0m stage [32mfrom-build-pack[0m and container [32mstep-place-tools[0m

Showing logs for build [32mcb-kubecd-bdd-gh-1593173975-pr-jx8kh-1[0m stage [32mfrom-build-pack[0m and container [32mstep-git-source-cb-kubecd-bdd-gh-1593173975-pr-jx8kh-thxs2[0m
{"level":"info","ts":1593175252.6340835,"logger":"fallback-logger","caller":"logging/config.go:69","msg":"Fetch GitHub commit ID from kodata failed: open /var/run/ko/refs/heads/0.8.0-ns-support: no such file or directory"}
{"level":"info","ts":1593175252.8571718,"logger":"fallback-logger","caller":"git/git.go:103","msg":"Successfully cloned https://github.com/cb-kubecd/bdd-gh-1593173975.git @ master in path /workspace/source"}

Showing logs for build [32mcb-kubecd-bdd-gh-1593173975-pr-jx8kh-1[0m stage [32mfrom-build-pack[0m and container [32mstep-git-merge[0m
Using SHAs from PULL_REFS=master:88f0e16e2297ca894da98dada647b9fe00b1888e,1:58879e30d45b784654e7d77352f65265e9910e2c
DEBUG: LC_ALL=C JX_LOG_LEVEL=error git fetch origin --unshallow 58879e30d45b784654e7d77352f65265e9910e2c: 88f0e16e2297ca894da98dada647b9fe00b1888e:
DEBUG: ran git fetch --unshallow origin 58879e30d45b784654e7d77352f65265e9910e2c: 88f0e16e2297ca894da98dada647b9fe00b1888e: in 
DEBUG: LC_ALL=C JX_LOG_LEVEL=error git branch
DEBUG: LC_ALL=C JX_LOG_LEVEL=error git checkout master
DEBUG: ran git checkout master in 
DEBUG: LC_ALL=C JX_LOG_LEVEL=error git reset --hard 88f0e16e2297ca894da98dada647b9fe00b1888e
DEBUG: ran git reset --hard 88f0e16e2297ca894da98dada647b9fe00b1888e in 
DEBUG: LC_ALL=C JX_LOG_LEVEL=error git clean -fd .
DEBUG: ran clean --force -d . in 
DEBUG: LC_ALL=C JX_LOG_LEVEL=error git merge 58879e30d45b784654e7d77352f65265e9910e2c
DEBUG: ran git merge 58879e30d45b784654e7d77352f65265e9910e2c in 
DEBUG: LC_ALL=C JX_LOG_LEVEL=error git log --format=%H%x1f%an%x1f%ae%x1f%cn%x1f%ce%x1f%s%n%b%x1e 88f0e16e2297ca894da98dada647b9fe00b1888e..HEAD
Merged SHA 58879e30d45b784654e7d77352f65265e9910e2c with commit message 'My first PR commit' into base branch master

Showing logs for build [32mcb-kubecd-bdd-gh-1593173975-pr-jx8kh-1[0m stage [32mfrom-build-pack[0m and container [32mstep-build-make-linux[0m
CGO_ENABLED=0 GOOS=linux GOARCH=amd64 GO15VENDOREXPERIMENT=1 go build -ldflags '' -o bin/bdd-gh-1593173975 main.go

Showing logs for build [32mcb-kubecd-bdd-gh-1593173975-pr-jx8kh-1[0m stage [32mfrom-build-pack[0m and container [32mstep-build-container-build[0m
[36mINFO[0m[0000] Using dockerignore file: /workspace/source/.dockerignore 
[36mINFO[0m[0000] No base image, nothing to extract            
[36mINFO[0m[0000] Built cross stage deps: map[]                
[36mINFO[0m[0000] No base image, nothing to extract            
[36mINFO[0m[0000] Executing 0 build triggers                   
[36mINFO[0m[0000] cmd: EXPOSE                                  
[36mINFO[0m[0000] Adding exposed port: 8080/tcp                
[36mINFO[0m[0000] Checking for cached layer 296178596335.dkr.ecr.us-east-1.amazonaws.com/todo/cache:0a3fdbd60ce086bc3c37e5cf6f81f33bedb7d00b375a339f3c18f83846b0f6b7... 
[36mINFO[0m[0000] No cached layer found for cmd COPY ./bin/ /  
[36mINFO[0m[0000] Unpacking rootfs as cmd COPY ./bin/ / requires it. 
[36mINFO[0m[0000] EXPOSE 8080                                  
[36mINFO[0m[0000] cmd: EXPOSE                                  
[36mINFO[0m[0000] Adding exposed port: 8080/tcp                
[36mINFO[0m[0000] No files changed in this command, skipping snapshotting. 
[36mINFO[0m[0000] ENTRYPOINT ["/bdd-gh-1593173975"]            
[36mINFO[0m[0000] No files changed in this command, skipping snapshotting. 
[36mINFO[0m[0000] COPY ./bin/ /                                
[36mINFO[0m[0000] Resolving 2 paths                            
[36mINFO[0m[0000] Taking snapshot of files...                  
[36mINFO[0m[0001] Pushing layer 296178596335.dkr.ecr.us-east-1.amazonaws.com/todo/cache:0a3fdbd60ce086bc3c37e5cf6f81f33bedb7d00b375a339f3c18f83846b0f6b7 to cache now 
[33mWARN[0m[0001] error uploading layer to cache: failed to push to destination 296178596335.dkr.ecr.us-east-1.amazonaws.com/todo/cache:0a3fdbd60ce086bc3c37e5cf6f81f33bedb7d00b375a339f3c18f83846b0f6b7: POST https://296178596335.dkr.ecr.us-east-1.amazonaws.com/v2/todo/cache/blobs/uploads/: NAME_UNKNOWN: The repository with name 'todo/cache' does not exist in the registry with id '296178596335' 

Showing logs for build [32mcb-kubecd-bdd-gh-1593173975-pr-jx8kh-1[0m stage [32mfrom-build-pack[0m and container [32mstep-postbuild-post-build[0m
no CVE provider running in the current ** namespace so skip adding image to be analysed

Showing logs for build [32mcb-kubecd-bdd-gh-1593173975-pr-jx8kh-1[0m stage [32mfrom-build-pack[0m and container [32mstep-promote-make-preview[0m
sed -i -e "s/version:.*/version: 0.0.0-SNAPSHOT-PR-1-1/" Chart.yaml
sed -i -e "s/version:.*/version: 0.0.0-SNAPSHOT-PR-1-1/" ../*/Chart.yaml
sed -i -e "s|repository:.*|repository: 296178596335.dkr.ecr.us-east-1.amazonaws.com\/cb-kubecd\/bdd-gh-1593173975|" values.yaml
sed -i -e "s/tag:.*/tag: 0.0.0-SNAPSHOT-PR-1-1/" values.yaml
echo "  version: 0.0.0-SNAPSHOT-PR-1-1" >> requirements.yaml
** step helm build
WARNING: No $CHART_REPOSITORY defined so using the default value of: http://jenkins-x-chartmuseum:8080
Adding missing Helm repo: storage.googleapis.com https://storage.googleapis.com/chartmuseum.jenkins-x.io
WARNING: No secrets found on "helm/repos" due: reading the secret "helm/repos" from vault: no secret "helm/repos" not found in vault
Read credentials for https://storage.googleapis.com/chartmuseum.jenkins-x.io from vault helm/repos
Successfully added Helm repository storage.googleapis.com.
Adding missing Helm repo: jenkins-x-chartmuseum http://jenkins-x-chartmuseum:8080
WARNING: No secrets found on "helm/repos" due: reading the secret "helm/repos" from vault: no secret "helm/repos" not found in vault
Read credentials for http://jenkins-x-chartmuseum:8080 from vault helm/repos
Successfully added Helm repository jenkins-x-chartmuseum.
WARNING: No $CHART_REPOSITORY defined so using the default value of: http://jenkins-x-chartmuseum:8080
Adding missing Helm repo: chartmuseum.jenkins-x.io http://chartmuseum.jenkins-x.io
WARNING: No secrets found on "helm/repos" due: reading the secret "helm/repos" from vault: no secret "helm/repos" not found in vault
Read credentials for http://chartmuseum.jenkins-x.io from vault helm/repos
Successfully added Helm repository chartmuseum.jenkins-x.io.

Showing logs for build [32mcb-kubecd-bdd-gh-1593173975-pr-jx8kh-1[0m stage [32mfrom-build-pack[0m and container [32mstep-promote-jx-preview[0m
Creating a preview
Created environment cb-kubecd-bdd-gh-1593173975-pr-1
Namespace **-cb-kubecd-bdd-gh-1593173975-pr-1 created 
expose:
  Annotations:
    helm.sh/hook: post-install,post-upgrade
    helm.sh/hook-delete-policy: hook-succeeded
  config:
    domain: 54.158.67.95.nip.io
    exposer: Ingress
    http: "true"
preview:
  image:
    repository: 296178596335.dkr.ecr.us-east-1.amazonaws.com/cb-kubecd/bdd-gh-1593173975
    tag: 0.0.0-SNAPSHOT-PR-1-1

Updating PipelineActivities cb-kubecd-bdd-gh-1593173975-pr-1-1 which has status 
Preview application is now available at: http://bdd-gh-1593173975.**-cb-kubecd-bdd-gh-1593173975-pr-1.54.158.67.95.nip.io
Waiting for vault to be initialized and unsealed...
WARNING: Failed to comment on the Pull Request with owner cb-kubecd repo bdd-gh-1593173975: creating user for server "https://github.com": running in batch mode and no default Git username found
